<?xml version="1.0" encoding="utf-8"?><testsuites name="pytest tests"><testsuite name="pytest" errors="0" failures="0" skipped="0" tests="43" time="4.068" timestamp="2026-07-07T07:35:15.127118+00:00" hostname="agent-env-beb0d8ac-1f60-4fb5-b466-b7d596a512cb"><testcase classname="tests.test_workly_api" name="test_root" time="0.727" /><testcase classname="tests.test_workly_api.TestAuth" name="test_login_worker" time="0.266" /><testcase classname="tests.test_workly_api.TestAuth" name="test_login_company" time="0.266" /><testcase classname="tests.test_workly_api.TestAuth" name="test_login_wrong_password" time="0.267" /><testcase classname="tests.test_workly_api.TestAuth" name="test_register_new_user" time="0.315" /><testcase classname="tests.test_workly_api.TestAuth" name="test_register_duplicate" time="0.045" /><testcase classname="tests.test_workly_api.TestAuth" name="test_register_bad_role" time="0.041" /><testcase classname="tests.test_workly_api.TestAuth" name="test_me" time="0.047" /><testcase classname="tests.test_workly_api.TestProtection" name="test_requires_auth[GET-/auth/me]" time="0.040" /><testcase classname="tests.test_workly_api.TestProtection" name="test_requires_auth[GET-/dashboard]" time="0.044" /><testcase classname="tests.test_workly_api.TestProtection" name="test_requires_auth[GET-/search]" time="0.042" /><testcase classname="tests.test_workly_api.TestProtection" name="test_requires_auth[GET-/conversations]" time="0.041" /><testcase classname="tests.test_workly_api.TestProtection" name="test_requires_auth[GET-/contracts]" time="0.042" /><testcase classname="tests.test_workly_api.TestProtection" name="test_requires_auth[GET-/career]" time="0.042" /><testcase classname="tests.test_workly_api.TestProtection" name="test_requires_auth[GET-/notifications]" time="0.041" /><testcase classname="tests.test_workly_api.TestProtection" name="test_requires_auth[POST-/checkin]" time="0.043" /><testcase classname="tests.test_workly_api.TestProtection" name="test_requires_auth[POST-/checkout]" time="0.041" /><testcase classname="tests.test_workly_api.TestProtection" name="test_requires_auth[POST-/availability]" time="0.041" /><testcase classname="tests.test_workly_api.TestProtection" name="test_requires_auth[POST-/notifications/read]" time="0.044" /><testcase classname="tests.test_workly_api.TestProtection" name="test_invalid_token" time="0.043" /><testcase classname="tests.test_workly_api.TestDashboard" name="test_worker_dashboard" time="0.043" /><testcase classname="tests.test_workly_api.TestDashboard" name="test_company_dashboard" time="0.043" /><testcase classname="tests.test_workly_api.TestCheckin" name="test_checkin_dashboard_checkout" time="0.306" /><testcase classname="tests.test_workly_api.TestSearch" name="test_search_company_returns_workers" time="0.046" /><testcase classname="tests.test_workly_api.TestSearch" name="test_search_company_with_query" time="0.054" /><testcase classname="tests.test_workly_api.TestSearch" name="test_search_worker_returns_jobs" time="0.043" /><testcase classname="tests.test_workly_api.TestSearch" name="test_search_worker_query" time="0.043" /><testcase classname="tests.test_workly_api.TestConversations" name="test_list_conversations" time="0.045" /><testcase classname="tests.test_workly_api.TestConversations" name="test_get_conversation" time="0.044" /><testcase classname="tests.test_workly_api.TestConversations" name="test_get_conv_forbidden" time="0.042" /><testcase classname="tests.test_workly_api.TestConversations" name="test_send_text_message" time="0.046" /><testcase classname="tests.test_workly_api.TestConversations" name="test_send_voice_message" time="0.043" /><testcase classname="tests.test_workly_api.TestConversations" name="test_send_document_message" time="0.043" /><testcase classname="tests.test_workly_api.TestConversations" name="test_conversation_last_message_updated" time="0.099" /><testcase classname="tests.test_workly_api.TestContracts" name="test_list_contracts_worker" time="0.043" /><testcase classname="tests.test_workly_api.TestContracts" name="test_list_contracts_company" time="0.042" /><testcase classname="tests.test_workly_api.TestContracts" name="test_get_contract" time="0.044" /><testcase classname="tests.test_workly_api.TestContracts" name="test_sign_contract" time="0.087" /><testcase classname="tests.test_workly_api.TestContracts" name="test_get_contract_404" time="0.044" /><testcase classname="tests.test_workly_api.TestCareer" name="test_career_worker" time="0.045" /><testcase classname="tests.test_workly_api.TestNotifications" name="test_list_notifications" time="0.044" /><testcase classname="tests.test_workly_api.TestNotifications" name="test_mark_read" time="0.084" /><testcase classname="tests.test_workly_api.TestAvailability" name="test_toggle_availability" time="0.190" /></testsuite></testsuites>